<?xml version="1.0" encoding="UTF-8"?>
<!-- Generated by org.testng.reporters.JUnitXMLReporter -->
<testsuite ignored="0" hostname="CAICOMAHEDIDMBP" failures="1" tests="3" name="user-john" time="4.761" errors="0" timestamp="2024-08-25T00:39:32 GMT+03:00">
  <testcase classname="com.vinsguru.tests.vendorportal.VendorPortalTest" name="loginTest" time="1.706">
    <failure type="java.lang.NullPointerException" message="Cannot invoke &amp;quot;com.vinsguru.tests.vendorportal.model.VendorPortalTestData.username()&amp;quot; because &amp;quot;this.testData&amp;quot; is null">
      <![CDATA[java.lang.NullPointerException: Cannot invoke "com.vinsguru.tests.vendorportal.model.VendorPortalTestData.username()" because "this.testData" is null
at com.vinsguru.tests.vendorportal.VendorPortalTest.loginTest(VendorPortalTest.java:31)
at java.base/java.util.ArrayList.forEach(ArrayList.java:1511)
at java.base/java.util.concurrent.FutureTask.run(FutureTask.java:317)
at java.base/java.util.concurrent.ThreadPoolExecutor.runWorker(ThreadPoolExecutor.java:1144)
at java.base/java.util.concurrent.ThreadPoolExecutor$Worker.run(ThreadPoolExecutor.java:642)
at java.base/java.lang.Thread.run(Thread.java:1623)
... Removed 15 stack frames]]>
    </failure>
  </testcase> <!-- loginTest -->
  <testcase classname="com.vinsguru.tests.vendorportal.VendorPortalTest" name="dashboardTest" time="0.0">
    <skipped/>
  </testcase> <!-- dashboardTest -->
  <testcase classname="com.vinsguru.tests.vendorportal.VendorPortalTest" name="logoutTest" time="0.0">
    <skipped/>
  </testcase> <!-- logoutTest -->
</testsuite> <!-- user-john -->
