<?xml version="1.0" encoding="UTF-8"?>
<testng-results ignored="0" total="20" passed="20" failed="0" skipped="0">
  <reporter-output>
  </reporter-output>
  <suite started-at="2024-10-07T00:23:07 GMT" name="flight-reservation" finished-at="2024-10-07T00:23:24 GMT" duration-ms="17785">
    <groups>
    </groups>
    <test started-at="2024-10-07T00:23:07 GMT" name="passengers-count-1" finished-at="2024-10-07T00:23:22 GMT" duration-ms="15417">
      <class name="com.vinsguru.tests.flightreservation.FlightReservationTest">
        <test-method is-config="true" signature="setDriver(org.testng.ITestContext)[pri:0, instance:com.vinsguru.tests.flightreservation.FlightReservationTest@1f81aa00]" started-at="2024-10-07T00:23:07 GMT" name="setDriver" finished-at="2024-10-07T00:23:11 GMT" duration-ms="4846" status="PASS">
          <params>
            <param index="0">
              <value>
                <![CDATA[org.testng.TestRunner@338c99c8]]>
              </value>
            </param>
          </params>
          <reporter-output>
          </reporter-output>
        </test-method> <!-- setDriver -->
        <test-method is-config="true" signature="setParameters(java.lang.String)[pri:0, instance:com.vinsguru.tests.flightreservation.FlightReservationTest@1f81aa00]" started-at="2024-10-07T00:23:11 GMT" name="setParameters" finished-at="2024-10-07T00:23:12 GMT" depends-on-methods="com.vinsguru.tests.AbstractTest.setDriver" duration-ms="161" status="PASS">
          <params>
            <param index="0">
              <value>
                <![CDATA[test-data/flight-reservation/passenger-1.json]]>
              </value>
            </param>
          </params>
          <reporter-output>
          </reporter-output>
        </test-method> <!-- setParameters -->
        <test-method signature="userRegistrationTest()[pri:0, instance:com.vinsguru.tests.flightreservation.FlightReservationTest@1f81aa00]" started-at="2024-10-07T00:23:12 GMT" name="userRegistrationTest" finished-at="2024-10-07T00:23:16 GMT" duration-ms="4724" status="PASS">
          <reporter-output>
          </reporter-output>
        </test-method> <!-- userRegistrationTest -->
        <test-method signature="registrationConfirmationTest()[pri:0, instance:com.vinsguru.tests.flightreservation.FlightReservationTest@1f81aa00]" started-at="2024-10-07T00:23:16 GMT" name="registrationConfirmationTest" finished-at="2024-10-07T00:23:17 GMT" depends-on-methods="com.vinsguru.tests.flightreservation.FlightReservationTest.userRegistrationTest" duration-ms="837" status="PASS">
          <reporter-output>
          </reporter-output>
        </test-method> <!-- registrationConfirmationTest -->
        <test-method signature="flightsSearchTest()[pri:0, instance:com.vinsguru.tests.flightreservation.FlightReservationTest@1f81aa00]" started-at="2024-10-07T00:23:17 GMT" name="flightsSearchTest" finished-at="2024-10-07T00:23:20 GMT" depends-on-methods="com.vinsguru.tests.flightreservation.FlightReservationTest.registrationConfirmationTest" duration-ms="2482" status="PASS">
          <reporter-output>
          </reporter-output>
        </test-method> <!-- flightsSearchTest -->
        <test-method signature="flightsSelectionTest()[pri:0, instance:com.vinsguru.tests.flightreservation.FlightReservationTest@1f81aa00]" started-at="2024-10-07T00:23:20 GMT" name="flightsSelectionTest" finished-at="2024-10-07T00:23:21 GMT" depends-on-methods="com.vinsguru.tests.flightreservation.FlightReservationTest.flightsSearchTest" duration-ms="1216" status="PASS">
          <reporter-output>
          </reporter-output>
        </test-method> <!-- flightsSelectionTest -->
        <test-method signature="flightReservationConfirmationTest()[pri:0, instance:com.vinsguru.tests.flightreservation.FlightReservationTest@1f81aa00]" started-at="2024-10-07T00:23:21 GMT" name="flightReservationConfirmationTest" finished-at="2024-10-07T00:23:22 GMT" depends-on-methods="com.vinsguru.tests.flightreservation.FlightReservationTest.flightsSelectionTest" duration-ms="579" status="PASS">
          <reporter-output>
          </reporter-output>
        </test-method> <!-- flightReservationConfirmationTest -->
        <test-method is-config="true" signature="quitDriver()[pri:0, instance:com.vinsguru.tests.flightreservation.FlightReservationTest@1f81aa00]" started-at="2024-10-07T00:23:22 GMT" name="quitDriver" finished-at="2024-10-07T00:23:22 GMT" duration-ms="541" status="PASS">
          <reporter-output>
          </reporter-output>
        </test-method> <!-- quitDriver -->
      </class> <!-- com.vinsguru.tests.flightreservation.FlightReservationTest -->
    </test> <!-- passengers-count-1 -->
    <test started-at="2024-10-07T00:23:07 GMT" name="passengers-count-2" finished-at="2024-10-07T00:23:23 GMT" duration-ms="16095">
      <class name="com.vinsguru.tests.flightreservation.FlightReservationTest">
        <test-method is-config="true" signature="setDriver(org.testng.ITestContext)[pri:0, instance:com.vinsguru.tests.flightreservation.FlightReservationTest@57576994]" started-at="2024-10-07T00:23:07 GMT" name="setDriver" finished-at="2024-10-07T00:23:11 GMT" duration-ms="4846" status="PASS">
          <params>
            <param index="0">
              <value>
                <![CDATA[org.testng.TestRunner@21ba0741]]>
              </value>
            </param>
          </params>
          <reporter-output>
          </reporter-output>
        </test-method> <!-- setDriver -->
        <test-method is-config="true" signature="setParameters(java.lang.String)[pri:0, instance:com.vinsguru.tests.flightreservation.FlightReservationTest@57576994]" started-at="2024-10-07T00:23:11 GMT" name="setParameters" finished-at="2024-10-07T00:23:12 GMT" depends-on-methods="com.vinsguru.tests.AbstractTest.setDriver" duration-ms="161" status="PASS">
          <params>
            <param index="0">
              <value>
                <![CDATA[test-data/flight-reservation/passenger-2.json]]>
              </value>
            </param>
          </params>
          <reporter-output>
          </reporter-output>
        </test-method> <!-- setParameters -->
        <test-method signature="userRegistrationTest()[pri:0, instance:com.vinsguru.tests.flightreservation.FlightReservationTest@57576994]" started-at="2024-10-07T00:23:12 GMT" name="userRegistrationTest" finished-at="2024-10-07T00:23:16 GMT" duration-ms="4821" status="PASS">
          <reporter-output>
          </reporter-output>
        </test-method> <!-- userRegistrationTest -->
        <test-method signature="registrationConfirmationTest()[pri:0, instance:com.vinsguru.tests.flightreservation.FlightReservationTest@57576994]" started-at="2024-10-07T00:23:16 GMT" name="registrationConfirmationTest" finished-at="2024-10-07T00:23:17 GMT" depends-on-methods="com.vinsguru.tests.flightreservation.FlightReservationTest.userRegistrationTest" duration-ms="801" status="PASS">
          <reporter-output>
          </reporter-output>
        </test-method> <!-- registrationConfirmationTest -->
        <test-method signature="flightsSearchTest()[pri:0, instance:com.vinsguru.tests.flightreservation.FlightReservationTest@57576994]" started-at="2024-10-07T00:23:17 GMT" name="flightsSearchTest" finished-at="2024-10-07T00:23:19 GMT" depends-on-methods="com.vinsguru.tests.flightreservation.FlightReservationTest.registrationConfirmationTest" duration-ms="2154" status="PASS">
          <reporter-output>
          </reporter-output>
        </test-method> <!-- flightsSearchTest -->
        <test-method signature="flightsSelectionTest()[pri:0, instance:com.vinsguru.tests.flightreservation.FlightReservationTest@57576994]" started-at="2024-10-07T00:23:19 GMT" name="flightsSelectionTest" finished-at="2024-10-07T00:23:22 GMT" depends-on-methods="com.vinsguru.tests.flightreservation.FlightReservationTest.flightsSearchTest" duration-ms="2303" status="PASS">
          <reporter-output>
          </reporter-output>
        </test-method> <!-- flightsSelectionTest -->
        <test-method signature="flightReservationConfirmationTest()[pri:0, instance:com.vinsguru.tests.flightreservation.FlightReservationTest@57576994]" started-at="2024-10-07T00:23:22 GMT" name="flightReservationConfirmationTest" finished-at="2024-10-07T00:23:22 GMT" depends-on-methods="com.vinsguru.tests.flightreservation.FlightReservationTest.flightsSelectionTest" duration-ms="575" status="PASS">
          <reporter-output>
          </reporter-output>
        </test-method> <!-- flightReservationConfirmationTest -->
        <test-method is-config="true" signature="quitDriver()[pri:0, instance:com.vinsguru.tests.flightreservation.FlightReservationTest@57576994]" started-at="2024-10-07T00:23:22 GMT" name="quitDriver" finished-at="2024-10-07T00:23:23 GMT" duration-ms="415" status="PASS">
          <reporter-output>
          </reporter-output>
        </test-method> <!-- quitDriver -->
      </class> <!-- com.vinsguru.tests.flightreservation.FlightReservationTest -->
    </test> <!-- passengers-count-2 -->
    <test started-at="2024-10-07T00:23:07 GMT" name="passengers-count-4" finished-at="2024-10-07T00:23:24 GMT" duration-ms="17686">
      <class name="com.vinsguru.tests.flightreservation.FlightReservationTest">
        <test-method is-config="true" signature="setupConfig()[pri:0, instance:com.vinsguru.tests.flightreservation.FlightReservationTest@490caf5f]" started-at="2024-10-07T00:23:07 GMT" name="setupConfig" finished-at="2024-10-07T00:23:07 GMT" duration-ms="8" status="PASS">
          <reporter-output>
          </reporter-output>
        </test-method> <!-- setupConfig -->
        <test-method is-config="true" signature="setDriver(org.testng.ITestContext)[pri:0, instance:com.vinsguru.tests.flightreservation.FlightReservationTest@490caf5f]" started-at="2024-10-07T00:23:07 GMT" name="setDriver" finished-at="2024-10-07T00:23:11 GMT" duration-ms="4846" status="PASS">
          <params>
            <param index="0">
              <value>
                <![CDATA[org.testng.TestRunner@172b013]]>
              </value>
            </param>
          </params>
          <reporter-output>
          </reporter-output>
        </test-method> <!-- setDriver -->
        <test-method is-config="true" signature="setParameters(java.lang.String)[pri:0, instance:com.vinsguru.tests.flightreservation.FlightReservationTest@490caf5f]" started-at="2024-10-07T00:23:11 GMT" name="setParameters" finished-at="2024-10-07T00:23:12 GMT" depends-on-methods="com.vinsguru.tests.AbstractTest.setDriver" duration-ms="161" status="PASS">
          <params>
            <param index="0">
              <value>
                <![CDATA[test-data/flight-reservation/passenger-4.json]]>
              </value>
            </param>
          </params>
          <reporter-output>
          </reporter-output>
        </test-method> <!-- setParameters -->
        <test-method signature="userRegistrationTest()[pri:0, instance:com.vinsguru.tests.flightreservation.FlightReservationTest@490caf5f]" started-at="2024-10-07T00:23:12 GMT" name="userRegistrationTest" finished-at="2024-10-07T00:23:17 GMT" duration-ms="5250" status="PASS">
          <reporter-output>
          </reporter-output>
        </test-method> <!-- userRegistrationTest -->
        <test-method signature="registrationConfirmationTest()[pri:0, instance:com.vinsguru.tests.flightreservation.FlightReservationTest@490caf5f]" started-at="2024-10-07T00:23:17 GMT" name="registrationConfirmationTest" finished-at="2024-10-07T00:23:19 GMT" depends-on-methods="com.vinsguru.tests.flightreservation.FlightReservationTest.userRegistrationTest" duration-ms="1729" status="PASS">
          <reporter-output>
          </reporter-output>
        </test-method> <!-- registrationConfirmationTest -->
        <test-method signature="flightsSearchTest()[pri:0, instance:com.vinsguru.tests.flightreservation.FlightReservationTest@490caf5f]" started-at="2024-10-07T00:23:19 GMT" name="flightsSearchTest" finished-at="2024-10-07T00:23:21 GMT" depends-on-methods="com.vinsguru.tests.flightreservation.FlightReservationTest.registrationConfirmationTest" duration-ms="2097" status="PASS">
          <reporter-output>
          </reporter-output>
        </test-method> <!-- flightsSearchTest -->
        <test-method signature="flightsSelectionTest()[pri:0, instance:com.vinsguru.tests.flightreservation.FlightReservationTest@490caf5f]" started-at="2024-10-07T00:23:21 GMT" name="flightsSelectionTest" finished-at="2024-10-07T00:23:23 GMT" depends-on-methods="com.vinsguru.tests.flightreservation.FlightReservationTest.flightsSearchTest" duration-ms="2263" status="PASS">
          <reporter-output>
          </reporter-output>
        </test-method> <!-- flightsSelectionTest -->
        <test-method signature="flightReservationConfirmationTest()[pri:0, instance:com.vinsguru.tests.flightreservation.FlightReservationTest@490caf5f]" started-at="2024-10-07T00:23:23 GMT" name="flightReservationConfirmationTest" finished-at="2024-10-07T00:23:24 GMT" depends-on-methods="com.vinsguru.tests.flightreservation.FlightReservationTest.flightsSelectionTest" duration-ms="628" status="PASS">
          <reporter-output>
          </reporter-output>
        </test-method> <!-- flightReservationConfirmationTest -->
        <test-method is-config="true" signature="quitDriver()[pri:0, instance:com.vinsguru.tests.flightreservation.FlightReservationTest@490caf5f]" started-at="2024-10-07T00:23:24 GMT" name="quitDriver" finished-at="2024-10-07T00:23:24 GMT" duration-ms="691" status="PASS">
          <reporter-output>
          </reporter-output>
        </test-method> <!-- quitDriver -->
      </class> <!-- com.vinsguru.tests.flightreservation.FlightReservationTest -->
    </test> <!-- passengers-count-4 -->
    <test started-at="2024-10-07T00:23:07 GMT" name="passengers-count-3" finished-at="2024-10-07T00:23:24 GMT" duration-ms="17785">
      <class name="com.vinsguru.tests.flightreservation.FlightReservationTest">
        <test-method is-config="true" signature="setDriver(org.testng.ITestContext)[pri:0, instance:com.vinsguru.tests.flightreservation.FlightReservationTest@67b9b51a]" started-at="2024-10-07T00:23:07 GMT" name="setDriver" finished-at="2024-10-07T00:23:11 GMT" duration-ms="4846" status="PASS">
          <params>
            <param index="0">
              <value>
                <![CDATA[org.testng.TestRunner@58ce9668]]>
              </value>
            </param>
          </params>
          <reporter-output>
          </reporter-output>
        </test-method> <!-- setDriver -->
        <test-method is-config="true" signature="setParameters(java.lang.String)[pri:0, instance:com.vinsguru.tests.flightreservation.FlightReservationTest@67b9b51a]" started-at="2024-10-07T00:23:11 GMT" name="setParameters" finished-at="2024-10-07T00:23:12 GMT" depends-on-methods="com.vinsguru.tests.AbstractTest.setDriver" duration-ms="161" status="PASS">
          <params>
            <param index="0">
              <value>
                <![CDATA[test-data/flight-reservation/passenger-3.json]]>
              </value>
            </param>
          </params>
          <reporter-output>
          </reporter-output>
        </test-method> <!-- setParameters -->
        <test-method signature="userRegistrationTest()[pri:0, instance:com.vinsguru.tests.flightreservation.FlightReservationTest@67b9b51a]" started-at="2024-10-07T00:23:12 GMT" name="userRegistrationTest" finished-at="2024-10-07T00:23:18 GMT" duration-ms="5970" status="PASS">
          <reporter-output>
          </reporter-output>
        </test-method> <!-- userRegistrationTest -->
        <test-method signature="registrationConfirmationTest()[pri:0, instance:com.vinsguru.tests.flightreservation.FlightReservationTest@67b9b51a]" started-at="2024-10-07T00:23:18 GMT" name="registrationConfirmationTest" finished-at="2024-10-07T00:23:18 GMT" depends-on-methods="com.vinsguru.tests.flightreservation.FlightReservationTest.userRegistrationTest" duration-ms="629" status="PASS">
          <reporter-output>
          </reporter-output>
        </test-method> <!-- registrationConfirmationTest -->
        <test-method signature="flightsSearchTest()[pri:0, instance:com.vinsguru.tests.flightreservation.FlightReservationTest@67b9b51a]" started-at="2024-10-07T00:23:18 GMT" name="flightsSearchTest" finished-at="2024-10-07T00:23:20 GMT" depends-on-methods="com.vinsguru.tests.flightreservation.FlightReservationTest.registrationConfirmationTest" duration-ms="1566" status="PASS">
          <reporter-output>
          </reporter-output>
        </test-method> <!-- flightsSearchTest -->
        <test-method signature="flightsSelectionTest()[pri:0, instance:com.vinsguru.tests.flightreservation.FlightReservationTest@67b9b51a]" started-at="2024-10-07T00:23:20 GMT" name="flightsSelectionTest" finished-at="2024-10-07T00:23:22 GMT" depends-on-methods="com.vinsguru.tests.flightreservation.FlightReservationTest.flightsSearchTest" duration-ms="1727" status="PASS">
          <reporter-output>
          </reporter-output>
        </test-method> <!-- flightsSelectionTest -->
        <test-method signature="flightReservationConfirmationTest()[pri:0, instance:com.vinsguru.tests.flightreservation.FlightReservationTest@67b9b51a]" started-at="2024-10-07T00:23:22 GMT" name="flightReservationConfirmationTest" finished-at="2024-10-07T00:23:24 GMT" depends-on-methods="com.vinsguru.tests.flightreservation.FlightReservationTest.flightsSelectionTest" duration-ms="2204" status="PASS">
          <reporter-output>
          </reporter-output>
        </test-method> <!-- flightReservationConfirmationTest -->
        <test-method is-config="true" signature="quitDriver()[pri:0, instance:com.vinsguru.tests.flightreservation.FlightReservationTest@67b9b51a]" started-at="2024-10-07T00:23:24 GMT" name="quitDriver" finished-at="2024-10-07T00:23:24 GMT" duration-ms="661" status="PASS">
          <reporter-output>
          </reporter-output>
        </test-method> <!-- quitDriver -->
      </class> <!-- com.vinsguru.tests.flightreservation.FlightReservationTest -->
    </test> <!-- passengers-count-3 -->
  </suite> <!-- flight-reservation -->
</testng-results>
