<?xml version="1.0" encoding="UTF-8"?>
<!-- Generated by org.testng.reporters.JUnitXMLReporter -->
<testsuite ignored="0" hostname="CAICOMAHEDIDMBP" failures="1" tests="5" name="passengers-count-3" time="5.396" errors="0" timestamp="2024-08-25T00:38:26 GMT+03:00">
  <testcase classname="com.vinsguru.tests.flightreservation.FlightReservationTest" name="userRegistrationTest" time="1.811">
    <failure type="java.lang.NullPointerException" message="Cannot invoke &amp;quot;com.vinsguru.tests.flightreservation.model.FlightReservationTestData.firstName()&amp;quot; because &amp;quot;this.testData&amp;quot; is null">
      <![CDATA[java.lang.NullPointerException: Cannot invoke "com.vinsguru.tests.flightreservation.model.FlightReservationTestData.firstName()" because "this.testData" is null
at com.vinsguru.tests.flightreservation.FlightReservationTest.userRegistrationTest(FlightReservationTest.java:28)
at java.base/java.util.ArrayList.forEach(ArrayList.java:1511)
at java.base/java.util.concurrent.FutureTask.run(FutureTask.java:317)
at java.base/java.util.concurrent.ThreadPoolExecutor.runWorker(ThreadPoolExecutor.java:1144)
at java.base/java.util.concurrent.ThreadPoolExecutor$Worker.run(ThreadPoolExecutor.java:642)
at java.base/java.lang.Thread.run(Thread.java:1623)
... Removed 15 stack frames]]>
    </failure>
  </testcase> <!-- userRegistrationTest -->
  <testcase classname="com.vinsguru.tests.flightreservation.FlightReservationTest" name="registrationConfirmationTest" time="0.0">
    <skipped/>
  </testcase> <!-- registrationConfirmationTest -->
  <testcase classname="com.vinsguru.tests.flightreservation.FlightReservationTest" name="flightsSearchTest" time="0.0">
    <skipped/>
  </testcase> <!-- flightsSearchTest -->
  <testcase classname="com.vinsguru.tests.flightreservation.FlightReservationTest" name="flightsSelectionTest" time="0.0">
    <skipped/>
  </testcase> <!-- flightsSelectionTest -->
  <testcase classname="com.vinsguru.tests.flightreservation.FlightReservationTest" name="flightReservationConfirmationTest" time="0.0">
    <skipped/>
  </testcase> <!-- flightReservationConfirmationTest -->
</testsuite> <!-- passengers-count-3 -->
